terse_version_3;fio_version;jobname;groupid;error;read_kb;read_bandwidth;read_iops;read_runtime_ms;read_slat_min;read_slat_max;read_slat_mean;read_slat_dev;read_clat_min;read_clat_max;read_clat_mean;read_clat_dev;read_clat_pct01;read_clat_pct02;read_clat_pct03;read_clat_pct04;read_clat_pct05;read_clat_pct06;read_clat_pct07;read_clat_pct08;read_clat_pct09;read_clat_pct10;read_clat_pct11;read_clat_pct12;read_clat_pct13;read_clat_pct14;read_clat_pct15;read_clat_pct16;read_clat_pct17;read_clat_pct18;read_clat_pct19;read_clat_pct20;read_tlat_min;read_lat_max;read_lat_mean;read_lat_dev;read_bw_min;read_bw_max;read_bw_agg_pct;read_bw_mean;read_bw_dev;write_kb;write_bandwidth;write_iops;write_runtime_ms;write_slat_min;write_slat_max;write_slat_mean;write_slat_dev;write_clat_min;write_clat_max;write_clat_mean;write_clat_dev;write_clat_pct01;write_clat_pct02;write_clat_pct03;write_clat_pct04;write_clat_pct05;write_clat_pct06;write_clat_pct07;write_clat_pct08;write_clat_pct09;write_clat_pct10;write_clat_pct11;write_clat_pct12;write_clat_pct13;write_clat_pct14;write_clat_pct15;write_clat_pct16;write_clat_pct17;write_clat_pct18;write_clat_pct19;write_clat_pct20;write_tlat_min;write_lat_max;write_lat_mean;write_lat_dev;write_bw_min;write_bw_max;write_bw_agg_pct;write_bw_mean;write_bw_dev;cpu_user;cpu_sys;cpu_csw;cpu_mjf;cpu_minf;iodepth_1;iodepth_2;iodepth_4;iodepth_8;iodepth_16;iodepth_32;iodepth_64;lat_2us;lat_4us;lat_10us;lat_20us;lat_50us;lat_100us;lat_250us;lat_500us;lat_750us;lat_1000us;lat_2ms;lat_4ms;lat_10ms;lat_20ms;lat_50ms;lat_100ms;lat_250ms;lat_500ms;lat_750ms;lat_1000ms;lat_2000ms;lat_over_2000ms;disk_name;disk_read_iops;disk_write_iops;disk_read_merges;disk_write_merges;disk_read_ticks;write_ticks;disk_queue_time;disk_util


  1 terse_version_3
  2 fio_version
  3 jobname
  4 groupid
  5 error
  6 read_kb
  7 read_bandwidth
  8 read_iops
  9 read_runtime_ms
 10 read_slat_min
 11 read_slat_max
 12 read_slat_mean
 13 read_slat_dev
 14 read_clat_min
 15 read_clat_max
 16 read_clat_mean
 17 read_clat_dev
 18 read_clat_pct01
 19 read_clat_pct02
 20 read_clat_pct03
 21 read_clat_pct04
 22 read_clat_pct05
 23 read_clat_pct06
 24 read_clat_pct07
 25 read_clat_pct08
 26 read_clat_pct09
 27 read_clat_pct10
 28 read_clat_pct11
 29 read_clat_pct12
 30 read_clat_pct13
 31 read_clat_pct14
 32 read_clat_pct15
 33 read_clat_pct16
 34 read_clat_pct17
 35 read_clat_pct18
 36 read_clat_pct19
 37 read_clat_pct20
 38 read_tlat_min
 39 read_lat_max
 40 read_lat_mean
 41 read_lat_dev
 42 read_bw_min
 43 read_bw_max
 44 read_bw_agg_pct
 45 read_bw_mean
 46 read_bw_dev
 47 write_kb
 48 write_bandwidth
 49 write_iops
 50 write_runtime_ms
 51 write_slat_min
 52 write_slat_max
 53 write_slat_mean
 54 write_slat_dev
 55 write_clat_min
 56 write_clat_max
 57 write_clat_mean
 58 write_clat_dev
 59 write_clat_pct01
 60 write_clat_pct02
 61 write_clat_pct03
 62 write_clat_pct04
 63 write_clat_pct05
 64 write_clat_pct06
 65 write_clat_pct07
 66 write_clat_pct08
 67 write_clat_pct09
 68 write_clat_pct10
 69 write_clat_pct11
 70 write_clat_pct12
 71 write_clat_pct13
 72 write_clat_pct14
 73 write_clat_pct15
 74 write_clat_pct16
 75 write_clat_pct17
 76 write_clat_pct18
 77 write_clat_pct19
 78 write_clat_pct20
 79 write_tlat_min
 80 write_lat_max
 81 write_lat_mean
 82 write_lat_dev
 83 write_bw_min
 84 write_bw_max
 85 write_bw_agg_pct
 86 write_bw_mean
 87 write_bw_dev
 88 cpu_user
 89 cpu_sys
 90 cpu_csw
 91 cpu_mjf
 92 cpu_minf
 93 iodepth_1
 94 iodepth_2
 95 iodepth_4
 96 iodepth_8
 97 iodepth_16
 98 iodepth_32
 99 iodepth_64
100 lat_2us
101 lat_4us
102 lat_10us
103 lat_20us
104 lat_50us
105 lat_100us
106 lat_250us
107 lat_500us
108 lat_750us
109 lat_1000us
110 lat_2ms
111 lat_4ms
112 lat_10ms
113 lat_20ms
114 lat_50ms
115 lat_100ms
116 lat_250ms
117 lat_500ms
118 lat_750ms
119 lat_1000ms
120 lat_2000ms
121 lat_over_2000ms
122 disk_name
123 disk_read_iops
124 disk_write_iops
125 disk_read_merges
126 disk_write_merges
127 disk_read_ticks
128 write_ticks
129 disk_queue_time
130 disk_util
